2025-12-07 23:33:22 - o.h.validator.internal.util.Version - INFO  - HV000001: Hibernate Validator 8.0.1.Final
2025-12-07 23:33:22 - c.m.m.MakerspaceappApplication - INFO  - Starting MakerspaceappApplication using Java 21.0.9 with PID 11368 (C:\Users\muham\Downloads\makerspaceapp\makerspaceapp\target\classes started by user in C:\Users\muham\Downloads\makerspaceapp\makerspaceapp)
2025-12-07 23:33:22 - c.m.m.MakerspaceappApplication - DEBUG - Running with Spring Boot v3.2.0, Spring v6.1.1
2025-12-07 23:33:22 - c.m.m.MakerspaceappApplication - INFO  - No active profile set, falling back to 1 default profile: "default"
2025-12-07 23:33:23 - o.s.d.r.c.RepositoryConfigurationDelegate - INFO  - Bootstrapping Spring Data JPA repositories in DEFAULT mode.
2025-12-07 23:33:24 - o.s.d.r.c.RepositoryConfigurationDelegate - INFO  - Finished Spring Data repository scanning in 145 ms. Found 15 JPA repository interfaces.
2025-12-07 23:33:25 - o.s.b.w.e.tomcat.TomcatWebServer - INFO  - Tomcat initialized with port 8082 (http)
2025-12-07 23:33:25 - o.a.coyote.http11.Http11NioProtocol - INFO  - Initializing ProtocolHandler ["http-nio-8082"]
2025-12-07 23:33:25 - o.a.catalina.core.StandardService - INFO  - Starting service [Tomcat]
2025-12-07 23:33:25 - o.a.catalina.core.StandardEngine - INFO  - Starting Servlet engine: [Apache Tomcat/10.1.16]
2025-12-07 23:33:25 - o.a.c.c.C.[Tomcat].[localhost].[/] - INFO  - Initializing Spring embedded WebApplicationContext
2025-12-07 23:33:25 - o.s.b.w.s.c.ServletWebServerApplicationContext - INFO  - Root WebApplicationContext: initialization completed in 3114 ms
2025-12-07 23:33:26 - o.h.jpa.internal.util.LogHelper - INFO  - HHH000204: Processing PersistenceUnitInfo [name: default]
2025-12-07 23:33:26 - org.hibernate.Version - INFO  - HHH000412: Hibernate ORM core version 6.3.1.Final
2025-12-07 23:33:26 - o.h.c.i.RegionFactoryInitiator - INFO  - HHH000026: Second-level cache disabled
2025-12-07 23:33:27 - o.s.o.j.p.SpringPersistenceUnitInfo - INFO  - No LoadTimeWeaver setup: ignoring JPA class transformer
2025-12-07 23:33:27 - com.zaxxer.hikari.HikariDataSource - INFO  - HikariPool-1 - Starting...
2025-12-07 23:33:27 - c.z.hikari.util.DriverDataSource - WARN  - Registered driver with driverClassName=oracle.jdbc.driver.OracleDriver was not found, trying direct instantiation.
2025-12-07 23:33:27 - com.zaxxer.hikari.pool.HikariPool - INFO  - HikariPool-1 - Added connection oracle.jdbc.driver.T4CConnection@4c164f81
2025-12-07 23:33:27 - com.zaxxer.hikari.HikariDataSource - INFO  - HikariPool-1 - Start completed.
2025-12-07 23:33:27 - org.hibernate.orm.deprecation - WARN  - HHH90000025: OracleDialect does not need to be specified explicitly using 'hibernate.dialect' (remove the property setting and it will be selected by default)
2025-12-07 23:33:29 - o.h.e.t.j.p.i.JtaPlatformInitiator - INFO  - HHH000489: No JTA platform available (set 'hibernate.transaction.jta.platform' to enable JTA platform integration)
2025-12-07 23:33:33 - o.s.o.j.LocalContainerEntityManagerFactoryBean - INFO  - Initialized JPA EntityManagerFactory for persistence unit 'default'
2025-12-07 23:33:34 - c.m.m.s.JwtAuthenticationFilter - DEBUG - Filter 'jwtAuthenticationFilter' configured for use
2025-12-07 23:33:35 - o.s.d.j.r.query.QueryEnhancerFactory - INFO  - Hibernate is in classpath; If applicable, HQL parser will be used.
2025-12-07 23:33:37 - o.s.b.a.o.j.JpaBaseConfiguration$JpaWebConfiguration - WARN  - spring.jpa.open-in-view is enabled by default. Therefore, database queries may be performed during view rendering. Explicitly configure spring.jpa.open-in-view to disable this warning
2025-12-07 23:33:38 - o.s.b.a.e.web.EndpointLinksResolver - INFO  - Exposing 7 endpoint(s) beneath base path '/actuator'
2025-12-07 23:33:38 - o.s.s.web.DefaultSecurityFilterChain - INFO  - Will secure any request with [org.springframework.security.web.session.DisableEncodeUrlFilter@343f01c7, org.springframework.security.web.context.request.async.WebAsyncManagerIntegrationFilter@1dbef39d, org.springframework.security.web.context.SecurityContextHolderFilter@182711f5, org.springframework.security.web.header.HeaderWriterFilter@12ce5274, org.springframework.web.filter.CorsFilter@228a6823, org.springframework.security.web.authentication.logout.LogoutFilter@c56ea7b, com.makerspace.makerspaceapp.security.JwtAuthenticationFilter@495cac83, org.springframework.security.web.savedrequest.RequestCacheAwareFilter@6814fe0e, org.springframework.security.web.servletapi.SecurityContextHolderAwareRequestFilter@3f5f610d, org.springframework.security.web.authentication.AnonymousAuthenticationFilter@74197f00, org.springframework.security.web.session.SessionManagementFilter@1081906a, org.springframework.security.web.access.ExceptionTranslationFilter@1fdf1a6b, org.springframework.security.web.access.intercept.AuthorizationFilter@2169e311]
2025-12-07 23:33:40 - o.a.coyote.http11.Http11NioProtocol - INFO  - Starting ProtocolHandler ["http-nio-8082"]
2025-12-07 23:33:40 - o.s.b.w.e.tomcat.TomcatWebServer - INFO  - Tomcat started on port 8082 (http) with context path ''
2025-12-07 23:33:40 - c.m.m.MakerspaceappApplication - INFO  - Started MakerspaceappApplication in 18.539 seconds (process running for 19.17)
2025-12-07 23:34:11 - o.a.c.c.C.[Tomcat].[localhost].[/] - INFO  - Initializing Spring DispatcherServlet 'dispatcherServlet'
2025-12-07 23:34:11 - o.s.web.servlet.DispatcherServlet - INFO  - Initializing Servlet 'dispatcherServlet'
2025-12-07 23:34:11 - o.s.web.servlet.DispatcherServlet - INFO  - Completed initialization in 3 ms
2025-12-07 23:34:11 - o.s.security.web.FilterChainProxy - DEBUG - Securing GET /api/actuator/health
2025-12-07 23:34:11 - o.s.w.s.h.HandlerMappingIntrospector - WARN  - Cache miss for REQUEST dispatch to '/api/actuator/health' (previous null). Performing CorsConfiguration lookup. This is logged once only at WARN level, and every time at TRACE.
2025-12-07 23:34:12 - o.a.c.c.C.[.[.[.[dispatcherServlet] - ERROR - Servlet.service() for servlet [dispatcherServlet] in context with path [] threw exception
io.jsonwebtoken.ExpiredJwtException: JWT expired at 2025-12-04T17:32:12Z. Current time: 2025-12-07T18:34:12Z, a difference of 262920252 milliseconds.  Allowed clock skew: 0 milliseconds.
	at io.jsonwebtoken.impl.DefaultJwtParser.parse(DefaultJwtParser.java:427)
	at io.jsonwebtoken.impl.DefaultJwtParser.parse(DefaultJwtParser.java:529)
	at io.jsonwebtoken.impl.DefaultJwtParser.parseClaimsJws(DefaultJwtParser.java:589)
	at io.jsonwebtoken.impl.ImmutableJwtParser.parseClaimsJws(ImmutableJwtParser.java:173)
	at com.makerspace.makerspaceapp.security.JwtUtil.getClaims(JwtUtil.java:54)
	at com.makerspace.makerspaceapp.security.JwtUtil.extractUsername(JwtUtil.java:34)
	at com.makerspace.makerspaceapp.security.JwtAuthenticationFilter.doFilterInternal(JwtAuthenticationFilter.java:56)
	at org.springframework.web.filter.OncePerRequestFilter.doFilter(OncePerRequestFilter.java:116)
	at org.springframework.security.web.ObservationFilterChainDecorator$ObservationFilter.wrapFilter(ObservationFilterChainDecorator.java:240)
	at org.springframework.security.web.ObservationFilterChainDecorator$ObservationFilter.doFilter(ObservationFilterChainDecorator.java:227)
	at org.springframework.security.web.ObservationFilterChainDecorator$VirtualFilterChain.doFilter(ObservationFilterChainDecorator.java:137)
	at org.springframework.security.web.authentication.logout.LogoutFilter.doFilter(LogoutFilter.java:107)
	at org.springframework.security.web.authentication.logout.LogoutFilter.doFilter(LogoutFilter.java:93)
	at org.springframework.security.web.ObservationFilterChainDecorator$ObservationFilter.wrapFilter(ObservationFilterChainDecorator.java:240)
	at org.springframework.security.web.ObservationFilterChainDecorator$ObservationFilter.doFilter(ObservationFilterChainDecorator.java:227)
	at org.springframework.security.web.ObservationFilterChainDecorator$VirtualFilterChain.doFilter(ObservationFilterChainDecorator.java:137)
	at org.springframework.web.filter.CorsFilter.doFilterInternal(CorsFilter.java:91)
	at org.springframework.web.filter.OncePerRequestFilter.doFilter(OncePerRequestFilter.java:116)
	at org.springframework.security.web.ObservationFilterChainDecorator$ObservationFilter.wrapFilter(ObservationFilterChainDecorator.java:240)
	at org.springframework.security.web.ObservationFilterChainDecorator$ObservationFilter.doFilter(ObservationFilterChainDecorator.java:227)
	at org.springframework.security.web.ObservationFilterChainDecorator$VirtualFilterChain.doFilter(ObservationFilterChainDecorator.java:137)
	at org.springframework.security.web.header.HeaderWriterFilter.doHeadersAfter(HeaderWriterFilter.java:90)
	at org.springframework.security.web.header.HeaderWriterFilter.doFilterInternal(HeaderWriterFilter.java:75)
	at org.springframework.web.filter.OncePerRequestFilter.doFilter(OncePerRequestFilter.java:116)
	at org.springframework.security.web.ObservationFilterChainDecorator$ObservationFilter.wrapFilter(ObservationFilterChainDecorator.java:240)
	at org.springframework.security.web.ObservationFilterChainDecorator$ObservationFilter.doFilter(ObservationFilterChainDecorator.java:227)
	at org.springframework.security.web.ObservationFilterChainDecorator$VirtualFilterChain.doFilter(ObservationFilterChainDecorator.java:137)
	at org.springframework.security.web.context.SecurityContextHolderFilter.doFilter(SecurityContextHolderFilter.java:82)
	at org.springframework.security.web.context.SecurityContextHolderFilter.doFilter(SecurityContextHolderFilter.java:69)
	at org.springframework.security.web.ObservationFilterChainDecorator$ObservationFilter.wrapFilter(ObservationFilterChainDecorator.java:240)
	at org.springframework.security.web.ObservationFilterChainDecorator$ObservationFilter.doFilter(ObservationFilterChainDecorator.java:227)
	at org.springframework.security.web.ObservationFilterChainDecorator$VirtualFilterChain.doFilter(ObservationFilterChainDecorator.java:137)
	at org.springframework.security.web.context.request.async.WebAsyncManagerIntegrationFilter.doFilterInternal(WebAsyncManagerIntegrationFilter.java:62)
	at org.springframework.web.filter.OncePerRequestFilter.doFilter(OncePerRequestFilter.java:116)
	at org.springframework.security.web.ObservationFilterChainDecorator$ObservationFilter.wrapFilter(ObservationFilterChainDecorator.java:240)
	at org.springframework.security.web.ObservationFilterChainDecorator$ObservationFilter.doFilter(ObservationFilterChainDecorator.java:227)
	at org.springframework.security.web.ObservationFilterChainDecorator$VirtualFilterChain.doFilter(ObservationFilterChainDecorator.java:137)
	at org.springframework.security.web.session.DisableEncodeUrlFilter.doFilterInternal(DisableEncodeUrlFilter.java:42)
	at org.springframework.web.filter.OncePerRequestFilter.doFilter(OncePerRequestFilter.java:116)
	at org.springframework.security.web.ObservationFilterChainDecorator$ObservationFilter.wrapFilter(ObservationFilterChainDecorator.java:240)
	at org.springframework.security.web.ObservationFilterChainDecorator$AroundFilterObservation$SimpleAroundFilterObservation.lambda$wrap$0(ObservationFilterChainDecorator.java:323)
	at org.springframework.security.web.ObservationFilterChainDecorator$ObservationFilter.doFilter(ObservationFilterChainDecorator.java:224)
	at org.springframework.security.web.ObservationFilterChainDecorator$VirtualFilterChain.doFilter(ObservationFilterChainDecorator.java:137)
	at org.springframework.security.web.FilterChainProxy.doFilterInternal(FilterChainProxy.java:233)
	at org.springframework.security.web.FilterChainProxy.doFilter(FilterChainProxy.java:191)
	at org.springframework.web.filter.DelegatingFilterProxy.invokeDelegate(DelegatingFilterProxy.java:352)
	at org.springframework.web.filter.DelegatingFilterProxy.doFilter(DelegatingFilterProxy.java:268)
	at org.apache.catalina.core.ApplicationFilterChain.internalDoFilter(ApplicationFilterChain.java:174)
	at org.apache.catalina.core.ApplicationFilterChain.doFilter(ApplicationFilterChain.java:149)
	at org.springframework.web.filter.RequestContextFilter.doFilterInternal(RequestContextFilter.java:100)
	at org.springframework.web.filter.OncePerRequestFilter.doFilter(OncePerRequestFilter.java:116)
	at org.apache.catalina.core.ApplicationFilterChain.internalDoFilter(ApplicationFilterChain.java:174)
	at org.apache.catalina.core.ApplicationFilterChain.doFilter(ApplicationFilterChain.java:149)
	at org.springframework.web.filter.FormContentFilter.doFilterInternal(FormContentFilter.java:93)
	at org.springframework.web.filter.OncePerRequestFilter.doFilter(OncePerRequestFilter.java:116)
	at org.apache.catalina.core.ApplicationFilterChain.internalDoFilter(ApplicationFilterChain.java:174)
	at org.apache.catalina.core.ApplicationFilterChain.doFilter(ApplicationFilterChain.java:149)
	at org.springframework.web.filter.ServerHttpObservationFilter.doFilterInternal(ServerHttpObservationFilter.java:109)
	at org.springframework.web.filter.OncePerRequestFilter.doFilter(OncePerRequestFilter.java:116)
	at org.apache.catalina.core.ApplicationFilterChain.internalDoFilter(ApplicationFilterChain.java:174)
	at org.apache.catalina.core.ApplicationFilterChain.doFilter(ApplicationFilterChain.java:149)
	at org.springframework.web.filter.CharacterEncodingFilter.doFilterInternal(CharacterEncodingFilter.java:201)
	at org.springframework.web.filter.OncePerRequestFilter.doFilter(OncePerRequestFilter.java:116)
	at org.apache.catalina.core.ApplicationFilterChain.internalDoFilter(ApplicationFilterChain.java:174)
	at org.apache.catalina.core.ApplicationFilterChain.doFilter(ApplicationFilterChain.java:149)
	at org.apache.catalina.core.StandardWrapperValve.invoke(StandardWrapperValve.java:167)
	at org.apache.catalina.core.StandardContextValve.invoke(StandardContextValve.java:90)
	at org.apache.catalina.authenticator.AuthenticatorBase.invoke(AuthenticatorBase.java:482)
	at org.apache.catalina.core.StandardHostValve.invoke(StandardHostValve.java:115)
	at org.apache.catalina.valves.ErrorReportValve.invoke(ErrorReportValve.java:93)
	at org.apache.catalina.core.StandardEngineValve.invoke(StandardEngineValve.java:74)
	at org.apache.catalina.connector.CoyoteAdapter.service(CoyoteAdapter.java:340)
	at org.apache.coyote.http11.Http11Processor.service(Http11Processor.java:391)
	at org.apache.coyote.AbstractProcessorLight.process(AbstractProcessorLight.java:63)
	at org.apache.coyote.AbstractProtocol$ConnectionHandler.process(AbstractProtocol.java:896)
	at org.apache.tomcat.util.net.NioEndpoint$SocketProcessor.doRun(NioEndpoint.java:1744)
	at org.apache.tomcat.util.net.SocketProcessorBase.run(SocketProcessorBase.java:52)
	at org.apache.tomcat.util.threads.ThreadPoolExecutor.runWorker(ThreadPoolExecutor.java:1191)
	at org.apache.tomcat.util.threads.ThreadPoolExecutor$Worker.run(ThreadPoolExecutor.java:659)
	at org.apache.tomcat.util.threads.TaskThread$WrappingRunnable.run(TaskThread.java:61)
	at java.base/java.lang.Thread.run(Thread.java:1583)
2025-12-07 23:34:12 - o.s.security.web.FilterChainProxy - DEBUG - Securing GET /error
2025-12-07 23:34:12 - o.s.s.w.a.AnonymousAuthenticationFilter - DEBUG - Set SecurityContextHolder to anonymous SecurityContext
2025-12-07 23:34:12 - o.s.w.s.h.HandlerMappingIntrospector - WARN  - Cache miss for ERROR dispatch to '/error' (previous null). Performing MatchableHandlerMapping lookup. This is logged once only at WARN level, and every time at TRACE.
2025-12-07 23:34:12 - o.s.s.w.a.Http403ForbiddenEntryPoint - DEBUG - Pre-authenticated entry point called. Rejecting access
2025-12-07 23:34:40 - o.s.security.web.FilterChainProxy - DEBUG - Securing GET /api/actuator/health
2025-12-07 23:34:40 - o.s.s.w.a.AnonymousAuthenticationFilter - DEBUG - Set SecurityContextHolder to anonymous SecurityContext
2025-12-07 23:34:40 - o.s.s.w.a.Http403ForbiddenEntryPoint - DEBUG - Pre-authenticated entry point called. Rejecting access
2025-12-07 23:34:40 - o.s.security.web.FilterChainProxy - DEBUG - Securing GET /error
2025-12-07 23:34:40 - o.s.s.w.a.AnonymousAuthenticationFilter - DEBUG - Set SecurityContextHolder to anonymous SecurityContext
2025-12-07 23:34:40 - o.s.s.w.a.Http403ForbiddenEntryPoint - DEBUG - Pre-authenticated entry point called. Rejecting access
2025-12-07 23:34:51 - o.s.security.web.FilterChainProxy - DEBUG - Securing GET /api/actuator/health
2025-12-07 23:34:51 - o.s.s.w.a.AnonymousAuthenticationFilter - DEBUG - Set SecurityContextHolder to anonymous SecurityContext
2025-12-07 23:34:51 - o.s.s.w.a.Http403ForbiddenEntryPoint - DEBUG - Pre-authenticated entry point called. Rejecting access
2025-12-07 23:34:51 - o.s.security.web.FilterChainProxy - DEBUG - Securing GET /error
2025-12-07 23:34:51 - o.s.s.w.a.AnonymousAuthenticationFilter - DEBUG - Set SecurityContextHolder to anonymous SecurityContext
2025-12-07 23:34:51 - o.s.s.w.a.Http403ForbiddenEntryPoint - DEBUG - Pre-authenticated entry point called. Rejecting access
2025-12-07 23:37:06 - o.s.security.web.FilterChainProxy - DEBUG - Securing GET /actuator/health
2025-12-07 23:37:06 - o.s.s.w.a.AnonymousAuthenticationFilter - DEBUG - Set SecurityContextHolder to anonymous SecurityContext
2025-12-07 23:37:06 - o.s.security.web.FilterChainProxy - DEBUG - Secured GET /actuator/health
2025-12-07 23:37:45 - o.s.security.web.FilterChainProxy - DEBUG - Securing GET /actuator/metrics
2025-12-07 23:37:45 - o.s.s.w.a.AnonymousAuthenticationFilter - DEBUG - Set SecurityContextHolder to anonymous SecurityContext
2025-12-07 23:37:45 - o.s.security.web.FilterChainProxy - DEBUG - Secured GET /actuator/metrics
2025-12-07 23:39:54 - o.s.security.web.FilterChainProxy - DEBUG - Securing POST /api/users/register
2025-12-07 23:39:54 - o.s.s.w.a.AnonymousAuthenticationFilter - DEBUG - Set SecurityContextHolder to anonymous SecurityContext
2025-12-07 23:39:54 - o.s.security.web.FilterChainProxy - DEBUG - Secured POST /api/users/register
2025-12-07 23:41:30 - o.s.security.web.FilterChainProxy - DEBUG - Securing POST /api/users/register
2025-12-07 23:41:30 - o.s.s.w.a.AnonymousAuthenticationFilter - DEBUG - Set SecurityContextHolder to anonymous SecurityContext
2025-12-07 23:41:30 - o.s.security.web.FilterChainProxy - DEBUG - Secured POST /api/users/register
2025-12-07 23:45:03 - o.s.security.web.FilterChainProxy - DEBUG - Securing POST /api/users/register
2025-12-07 23:45:03 - o.s.s.w.a.AnonymousAuthenticationFilter - DEBUG - Set SecurityContextHolder to anonymous SecurityContext
2025-12-07 23:45:03 - o.s.security.web.FilterChainProxy - DEBUG - Secured POST /api/users/register
2025-12-07 23:45:03 - c.m.m.aspect.LoggingAspect - INFO  - Starting method: UserController.register(..)
2025-12-07 23:45:03 - c.m.m.aspect.LoggingAspect - DEBUG - Entering method: UserController.register(..) with arguments: [com.makerspace.makerspaceapp.model.User@603b9f22]
2025-12-07 23:45:03 - c.m.m.aspect.LoggingAspect - INFO  - Starting method: UserService.save(..)
2025-12-07 23:45:03 - c.m.m.aspect.LoggingAspect - DEBUG - Entering method: UserService.save(..) with arguments: [com.makerspace.makerspaceapp.model.User@603b9f22]
2025-12-07 23:45:04 - org.hibernate.SQL - DEBUG - 
    select
        r1_0.id,
        r1_0.name 
    from
        roles r1_0 
    where
        r1_0.name=?
2025-12-07 23:45:04 - org.hibernate.SQL - DEBUG - 
    select
        user_seq.nextval 
    from
        dual
2025-12-07 23:45:04 - c.m.m.aspect.LoggingAspect - DEBUG - Method UserService.save(..) returned: com.makerspace.makerspaceapp.model.User@603b9f22
2025-12-07 23:45:04 - c.m.m.aspect.LoggingAspect - INFO  - Method UserService.save(..) executed in 342 ms
2025-12-07 23:45:04 - org.hibernate.SQL - DEBUG - 
    insert 
    into
        users
        (created_at, email, name, password, phone, role_id, skills, user_id) 
    values
        (?, ?, ?, ?, ?, ?, ?, ?)
2025-12-07 23:45:04 - c.m.m.aspect.LoggingAspect - DEBUG - Method UserController.register(..) returned: <200 OK OK,ApiResponse{success=true, message='User registered', data=com.makerspace.makerspaceapp.model.User@603b9f22},[]>
2025-12-07 23:45:04 - c.m.m.aspect.LoggingAspect - INFO  - Method UserController.register(..) executed in 487 ms
2025-12-07 23:46:57 - o.s.security.web.FilterChainProxy - DEBUG - Securing POST /api/users/register
2025-12-07 23:46:57 - o.s.s.w.a.AnonymousAuthenticationFilter - DEBUG - Set SecurityContextHolder to anonymous SecurityContext
2025-12-07 23:46:57 - o.s.security.web.FilterChainProxy - DEBUG - Secured POST /api/users/register
2025-12-07 23:46:57 - c.m.m.aspect.LoggingAspect - INFO  - Starting method: UserController.register(..)
2025-12-07 23:46:57 - c.m.m.aspect.LoggingAspect - DEBUG - Entering method: UserController.register(..) with arguments: [com.makerspace.makerspaceapp.model.User@2bde56bd]
2025-12-07 23:46:57 - c.m.m.aspect.LoggingAspect - INFO  - Starting method: UserService.save(..)
2025-12-07 23:46:57 - c.m.m.aspect.LoggingAspect - DEBUG - Entering method: UserService.save(..) with arguments: [com.makerspace.makerspaceapp.model.User@2bde56bd]
2025-12-07 23:46:57 - org.hibernate.SQL - DEBUG - 
    select
        r1_0.id,
        r1_0.name 
    from
        roles r1_0 
    where
        r1_0.name=?
2025-12-07 23:46:57 - org.hibernate.SQL - DEBUG - 
    select
        user_seq.nextval 
    from
        dual
2025-12-07 23:46:57 - c.m.m.aspect.LoggingAspect - DEBUG - Method UserService.save(..) returned: com.makerspace.makerspaceapp.model.User@2bde56bd
2025-12-07 23:46:57 - c.m.m.aspect.LoggingAspect - INFO  - Method UserService.save(..) executed in 167 ms
2025-12-07 23:46:57 - org.hibernate.SQL - DEBUG - 
    insert 
    into
        users
        (created_at, email, name, password, phone, role_id, skills, user_id) 
    values
        (?, ?, ?, ?, ?, ?, ?, ?)
2025-12-07 23:46:57 - c.m.m.aspect.LoggingAspect - DEBUG - Method UserController.register(..) returned: <200 OK OK,ApiResponse{success=true, message='User registered', data=com.makerspace.makerspaceapp.model.User@2bde56bd},[]>
2025-12-07 23:46:57 - c.m.m.aspect.LoggingAspect - INFO  - Method UserController.register(..) executed in 274 ms
2025-12-07 23:48:52 - o.s.security.web.FilterChainProxy - DEBUG - Securing POST /api/auth/login
2025-12-07 23:48:52 - o.s.s.w.a.AnonymousAuthenticationFilter - DEBUG - Set SecurityContextHolder to anonymous SecurityContext
2025-12-07 23:48:52 - o.s.security.web.FilterChainProxy - DEBUG - Secured POST /api/auth/login
2025-12-07 23:48:52 - c.m.m.aspect.LoggingAspect - INFO  - Starting method: AuthController.login(..)
2025-12-07 23:48:52 - c.m.m.aspect.LoggingAspect - DEBUG - Entering method: AuthController.login(..) with arguments: [com.makerspace.makerspaceapp.dto.LoginRequest@44152185]
2025-12-07 23:48:52 - org.hibernate.SQL - DEBUG - 
    select
        u1_0.user_id,
        u1_0.created_at,
        u1_0.email,
        u1_0.name,
        u1_0.password,
        u1_0.phone,
        u1_0.role_id,
        u1_0.skills 
    from
        users u1_0 
    where
        u1_0.email=?
2025-12-07 23:48:52 - org.hibernate.SQL - DEBUG - 
    select
        r1_0.id,
        r1_0.name 
    from
        roles r1_0 
    where
        r1_0.id=?
2025-12-07 23:48:52 - o.s.s.a.d.DaoAuthenticationProvider - DEBUG - Failed to authenticate since password does not match stored value
2025-12-07 23:48:52 - c.m.m.aspect.LoggingAspect - ERROR - Method AuthController.login(..) threw exception: Bad credentials
2025-12-07 23:48:59 - o.s.security.web.FilterChainProxy - DEBUG - Securing POST /api/auth/login
2025-12-07 23:48:59 - o.s.s.w.a.AnonymousAuthenticationFilter - DEBUG - Set SecurityContextHolder to anonymous SecurityContext
2025-12-07 23:48:59 - o.s.security.web.FilterChainProxy - DEBUG - Secured POST /api/auth/login
2025-12-07 23:48:59 - c.m.m.aspect.LoggingAspect - INFO  - Starting method: AuthController.login(..)
2025-12-07 23:48:59 - c.m.m.aspect.LoggingAspect - DEBUG - Entering method: AuthController.login(..) with arguments: [com.makerspace.makerspaceapp.dto.LoginRequest@375e8576]
2025-12-07 23:48:59 - org.hibernate.SQL - DEBUG - 
    select
        u1_0.user_id,
        u1_0.created_at,
        u1_0.email,
        u1_0.name,
        u1_0.password,
        u1_0.phone,
        u1_0.role_id,
        u1_0.skills 
    from
        users u1_0 
    where
        u1_0.email=?
2025-12-07 23:48:59 - org.hibernate.SQL - DEBUG - 
    select
        r1_0.id,
        r1_0.name 
    from
        roles r1_0 
    where
        r1_0.id=?
2025-12-07 23:48:59 - o.s.s.a.d.DaoAuthenticationProvider - DEBUG - Authenticated user
2025-12-07 23:48:59 - c.m.m.aspect.LoggingAspect - DEBUG - Method AuthController.login(..) returned: <200 OK OK,ApiResponse{success=true, message='Login successful', data=com.makerspace.makerspaceapp.dto.LoginResponse@215101d1},[]>
2025-12-07 23:48:59 - c.m.m.aspect.LoggingAspect - INFO  - Method AuthController.login(..) executed in 144 ms
2025-12-07 23:53:38 - o.s.security.web.FilterChainProxy - DEBUG - Securing POST /api/makerspaces
2025-12-07 23:53:39 - org.hibernate.SQL - DEBUG - 
    select
        u1_0.user_id,
        u1_0.created_at,
        u1_0.email,
        u1_0.name,
        u1_0.password,
        u1_0.phone,
        u1_0.role_id,
        u1_0.skills 
    from
        users u1_0 
    where
        u1_0.email=?
2025-12-07 23:53:39 - org.hibernate.SQL - DEBUG - 
    select
        r1_0.id,
        r1_0.name 
    from
        roles r1_0 
    where
        r1_0.id=?
2025-12-07 23:53:39 - o.s.security.web.FilterChainProxy - DEBUG - Secured POST /api/makerspaces
2025-12-07 23:53:39 - c.m.m.aspect.LoggingAspect - INFO  - Starting method: MakerspaceController.create(..)
2025-12-07 23:53:39 - c.m.m.aspect.LoggingAspect - DEBUG - Entering method: MakerspaceController.create(..) with arguments: [com.makerspace.makerspaceapp.model.Makerspace@a845b4]
2025-12-07 23:53:39 - c.m.m.aspect.LoggingAspect - INFO  - Starting method: MakerspaceService.create(..)
2025-12-07 23:53:39 - c.m.m.aspect.LoggingAspect - DEBUG - Entering method: MakerspaceService.create(..) with arguments: [com.makerspace.makerspaceapp.model.Makerspace@a845b4]
2025-12-07 23:53:39 - org.hibernate.SQL - DEBUG - 
    select
        makerspace_seq.nextval 
    from
        dual
2025-12-07 23:53:39 - org.hibernate.SQL - DEBUG - 
    insert 
    into
        makerspace
        (capacity, contact_email, description, location, name, makerspace_id) 
    values
        (?, ?, ?, ?, ?, ?)
2025-12-07 23:53:39 - c.m.m.aspect.LoggingAspect - DEBUG - Method MakerspaceService.create(..) returned: com.makerspace.makerspaceapp.model.Makerspace@a845b4
2025-12-07 23:53:39 - c.m.m.aspect.LoggingAspect - INFO  - Method MakerspaceService.create(..) executed in 72 ms
2025-12-07 23:53:39 - c.m.m.aspect.LoggingAspect - DEBUG - Method MakerspaceController.create(..) returned: <201 CREATED Created,ApiResponse{success=true, message='Makerspace created successfully', data=com.makerspace.makerspaceapp.model.Makerspace@a845b4},[]>
2025-12-07 23:53:39 - c.m.m.aspect.LoggingAspect - INFO  - Method MakerspaceController.create(..) executed in 77 ms
2025-12-07 23:55:32 - o.s.security.web.FilterChainProxy - DEBUG - Securing GET /api/tools
2025-12-07 23:55:32 - org.hibernate.SQL - DEBUG - 
    select
        u1_0.user_id,
        u1_0.created_at,
        u1_0.email,
        u1_0.name,
        u1_0.password,
        u1_0.phone,
        u1_0.role_id,
        u1_0.skills 
    from
        users u1_0 
    where
        u1_0.email=?
2025-12-07 23:55:32 - org.hibernate.SQL - DEBUG - 
    select
        r1_0.id,
        r1_0.name 
    from
        roles r1_0 
    where
        r1_0.id=?
2025-12-07 23:55:32 - o.s.security.web.FilterChainProxy - DEBUG - Secured GET /api/tools
2025-12-07 23:55:32 - c.m.m.aspect.LoggingAspect - INFO  - Starting method: ToolController.getAllTools()
2025-12-07 23:55:32 - c.m.m.aspect.LoggingAspect - DEBUG - Entering method: ToolController.getAllTools() with arguments: []
2025-12-07 23:55:32 - c.m.m.aspect.LoggingAspect - INFO  - Starting method: ToolService.getAllTools()
2025-12-07 23:55:32 - c.m.m.aspect.LoggingAspect - DEBUG - Entering method: ToolService.getAllTools() with arguments: []
2025-12-07 23:55:32 - org.hibernate.SQL - DEBUG - 
    select
        t1_0.tool_id,
        t1_0.availability_status,
        t1_0.category,
        t1_0.image_url,
        t1_0.makerspace_id,
        t1_0.name,
        t1_0.toolcondition 
    from
        tool t1_0
2025-12-07 23:55:32 - c.m.m.aspect.LoggingAspect - DEBUG - Method ToolService.getAllTools() returned: []
2025-12-07 23:55:32 - c.m.m.aspect.LoggingAspect - INFO  - Method ToolService.getAllTools() executed in 19 ms
2025-12-07 23:55:32 - c.m.m.aspect.LoggingAspect - DEBUG - Method ToolController.getAllTools() returned: <200 OK OK,ApiResponse{success=true, message='Tools retrieved successfully', data=[]},[]>
2025-12-07 23:55:32 - c.m.m.aspect.LoggingAspect - INFO  - Method ToolController.getAllTools() executed in 25 ms
2025-12-07 23:57:38 - o.s.security.web.FilterChainProxy - DEBUG - Securing POST /api/users/register
2025-12-07 23:57:38 - o.s.s.w.a.AnonymousAuthenticationFilter - DEBUG - Set SecurityContextHolder to anonymous SecurityContext
2025-12-07 23:57:38 - o.s.security.web.FilterChainProxy - DEBUG - Secured POST /api/users/register
2025-12-07 23:58:15 - o.s.security.web.FilterChainProxy - DEBUG - Securing POST /api/users/register
2025-12-07 23:58:15 - o.s.s.w.a.AnonymousAuthenticationFilter - DEBUG - Set SecurityContextHolder to anonymous SecurityContext
2025-12-07 23:58:15 - o.s.security.web.FilterChainProxy - DEBUG - Secured POST /api/users/register
2025-12-07 23:58:15 - c.m.m.aspect.LoggingAspect - INFO  - Starting method: UserController.register(..)
2025-12-07 23:58:15 - c.m.m.aspect.LoggingAspect - DEBUG - Entering method: UserController.register(..) with arguments: [com.makerspace.makerspaceapp.model.User@2154de49]
2025-12-07 23:58:15 - c.m.m.aspect.LoggingAspect - INFO  - Starting method: UserService.save(..)
2025-12-07 23:58:15 - c.m.m.aspect.LoggingAspect - DEBUG - Entering method: UserService.save(..) with arguments: [com.makerspace.makerspaceapp.model.User@2154de49]
2025-12-07 23:58:15 - org.hibernate.SQL - DEBUG - 
    select
        r1_0.id,
        r1_0.name 
    from
        roles r1_0 
    where
        r1_0.name=?
2025-12-07 23:58:15 - org.hibernate.SQL - DEBUG - 
    select
        user_seq.nextval 
    from
        dual
2025-12-07 23:58:15 - c.m.m.aspect.LoggingAspect - DEBUG - Method UserService.save(..) returned: com.makerspace.makerspaceapp.model.User@2154de49
2025-12-07 23:58:15 - c.m.m.aspect.LoggingAspect - INFO  - Method UserService.save(..) executed in 131 ms
2025-12-07 23:58:15 - org.hibernate.SQL - DEBUG - 
    insert 
    into
        users
        (created_at, email, name, password, phone, role_id, skills, user_id) 
    values
        (?, ?, ?, ?, ?, ?, ?, ?)
2025-12-07 23:58:15 - c.m.m.aspect.LoggingAspect - DEBUG - Method UserController.register(..) returned: <200 OK OK,ApiResponse{success=true, message='User registered', data=com.makerspace.makerspaceapp.model.User@2154de49},[]>
2025-12-07 23:58:15 - c.m.m.aspect.LoggingAspect - INFO  - Method UserController.register(..) executed in 148 ms
2025-12-07 23:59:25 - o.s.security.web.FilterChainProxy - DEBUG - Securing POST /api/auth/login
2025-12-07 23:59:25 - o.s.s.w.a.AnonymousAuthenticationFilter - DEBUG - Set SecurityContextHolder to anonymous SecurityContext
2025-12-07 23:59:25 - o.s.security.web.FilterChainProxy - DEBUG - Secured POST /api/auth/login
2025-12-07 23:59:25 - c.m.m.aspect.LoggingAspect - INFO  - Starting method: AuthController.login(..)
2025-12-07 23:59:25 - c.m.m.aspect.LoggingAspect - DEBUG - Entering method: AuthController.login(..) with arguments: [com.makerspace.makerspaceapp.dto.LoginRequest@117b6bd1]
2025-12-07 23:59:25 - org.hibernate.SQL - DEBUG - 
    select
        u1_0.user_id,
        u1_0.created_at,
        u1_0.email,
        u1_0.name,
        u1_0.password,
        u1_0.phone,
        u1_0.role_id,
        u1_0.skills 
    from
        users u1_0 
    where
        u1_0.email=?
2025-12-07 23:59:25 - o.s.s.a.d.DaoAuthenticationProvider - DEBUG - Failed to find user 'ruma@example.com'
2025-12-07 23:59:25 - c.m.m.aspect.LoggingAspect - ERROR - Method AuthController.login(..) threw exception: Bad credentials
2025-12-07 23:59:37 - o.s.security.web.FilterChainProxy - DEBUG - Securing POST /api/auth/login
2025-12-07 23:59:37 - o.s.s.w.a.AnonymousAuthenticationFilter - DEBUG - Set SecurityContextHolder to anonymous SecurityContext
2025-12-07 23:59:37 - o.s.security.web.FilterChainProxy - DEBUG - Secured POST /api/auth/login
2025-12-07 23:59:37 - c.m.m.aspect.LoggingAspect - INFO  - Starting method: AuthController.login(..)
2025-12-07 23:59:37 - c.m.m.aspect.LoggingAspect - DEBUG - Entering method: AuthController.login(..) with arguments: [com.makerspace.makerspaceapp.dto.LoginRequest@47d69b08]
2025-12-07 23:59:37 - org.hibernate.SQL - DEBUG - 
    select
        u1_0.user_id,
        u1_0.created_at,
        u1_0.email,
        u1_0.name,
        u1_0.password,
        u1_0.phone,
        u1_0.role_id,
        u1_0.skills 
    from
        users u1_0 
    where
        u1_0.email=?
2025-12-07 23:59:37 - org.hibernate.SQL - DEBUG - 
    select
        r1_0.id,
        r1_0.name 
    from
        roles r1_0 
    where
        r1_0.id=?
2025-12-07 23:59:37 - o.s.s.a.d.DaoAuthenticationProvider - DEBUG - Authenticated user
2025-12-07 23:59:37 - c.m.m.aspect.LoggingAspect - DEBUG - Method AuthController.login(..) returned: <200 OK OK,ApiResponse{success=true, message='Login successful', data=com.makerspace.makerspaceapp.dto.LoginResponse@5fd7e71a},[]>
2025-12-07 23:59:37 - c.m.m.aspect.LoggingAspect - INFO  - Method AuthController.login(..) executed in 191 ms
